<?xml version="1.0" encoding="UTF-8"?>
<coverage generated="1758707282402" clover="3.2.0">
  <project timestamp="1758707282402" name="All files">
    <metrics statements="16" coveredstatements="16" conditionals="2" coveredconditionals="2" methods="11" coveredmethods="11" elements="29" coveredelements="29" complexity="0" loc="16" ncloc="16" packages="1" files="1" classes="1"/>
    <file name="domain.ts" path="C:\Users\user\Desktop\dz24\ts-cart\src\domain.ts">
      <metrics statements="16" coveredstatements="16" conditionals="2" coveredconditionals="2" methods="11" coveredmethods="11"/>
      <line num="7" count="1" type="stmt"/>
      <line num="13" count="9" type="stmt"/>
      <line num="14" count="9" type="stmt"/>
      <line num="15" count="9" type="stmt"/>
      <line num="24" count="1" type="stmt"/>
      <line num="25" count="4" type="stmt"/>
      <line num="28" count="11" type="stmt"/>
      <line num="29" count="11" type="cond" truecount="2" falsecount="0"/>
      <line num="30" count="3" type="stmt"/>
      <line num="32" count="8" type="stmt"/>
      <line num="37" count="4" type="stmt"/>
      <line num="41" count="12" type="stmt"/>
      <line num="45" count="5" type="stmt"/>
      <line num="46" count="5" type="stmt"/>
      <line num="47" count="5" type="stmt"/>
      <line num="51" count="3" type="stmt"/>
    </file>
  </project>
</coverage>
