{"C:\\Users\\user\\Desktop\\dz24\\ts-cart\\src\\domain.ts": {"path":"C:\\Users\\user\\Desktop\\dz24\\ts-cart\\src\\domain.ts","statementMap":{"0":{"start":{"line":13,"column":6},"end":{"line":13,"column":24}},"1":{"start":{"line":14,"column":6},"end":{"line":14,"column":30}},"2":{"start":{"line":15,"column":6},"end":{"line":15,"column":30}},"3":{"start":{"line":7,"column":2},"end":{"line":7,"column":15}},"4":{"start":{"line":25,"column":12},"end":{"line":25,"column":35}},"5":{"start":{"line":28,"column":20},"end":{"line":28,"column":71}},"6":{"start":{"line":28,"column":42},"end":{"line":28,"column":70}},"7":{"start":{"line":29,"column":6},"end":{"line":33,"column":7}},"8":{"start":{"line":30,"column":8},"end":{"line":30,"column":23}},"9":{"start":{"line":32,"column":8},"end":{"line":32,"column":45}},"10":{"start":{"line":37,"column":6},"end":{"line":37,"column":74}},"11":{"start":{"line":37,"column":35},"end":{"line":37,"column":71}},"12":{"start":{"line":41,"column":6},"end":{"line":41,"column":80}},"13":{"start":{"line":41,"column":44},"end":{"line":41,"column":75}},"14":{"start":{"line":45,"column":16},"end":{"line":45,"column":52}},"15":{"start":{"line":46,"column":21},"end":{"line":46,"column":52}},"16":{"start":{"line":47,"column":6},"end":{"line":47,"column":44}},"17":{"start":{"line":51,"column":6},"end":{"line":51,"column":65}},"18":{"start":{"line":51,"column":43},"end":{"line":51,"column":63}},"19":{"start":{"line":24,"column":2},"end":{"line":24,"column":15}}},"fnMap":{"0":{"name":"(anonymous_0)","decl":{"start":{"line":12,"column":4},"end":{"line":12,"column":16}},"loc":{"start":{"line":12,"column":33},"end":{"line":16,"column":5}}},"1":{"name":"(anonymous_1)","decl":{"start":{"line":24,"column":2},"end":{"line":24,"column":15}},"loc":{"start":{"line":24,"column":2},"end":{"line":53,"column":3}}},"2":{"name":"(anonymous_2)","decl":{"start":{"line":27,"column":4},"end":{"line":27,"column":7}},"loc":{"start":{"line":27,"column":24},"end":{"line":34,"column":5}}},"3":{"name":"(anonymous_3)","decl":{"start":{"line":28,"column":36},"end":{"line":28,"column":38}},"loc":{"start":{"line":28,"column":42},"end":{"line":28,"column":70}}},"4":{"name":"(anonymous_4)","decl":{"start":{"line":36,"column":4},"end":{"line":36,"column":8}},"loc":{"start":{"line":36,"column":8},"end":{"line":38,"column":5}}},"5":{"name":"(anonymous_5)","decl":{"start":{"line":37,"column":28},"end":{"line":37,"column":30}},"loc":{"start":{"line":37,"column":35},"end":{"line":37,"column":71}}},"6":{"name":"(anonymous_6)","decl":{"start":{"line":40,"column":4},"end":{"line":40,"column":12}},"loc":{"start":{"line":40,"column":12},"end":{"line":42,"column":5}}},"7":{"name":"(anonymous_7)","decl":{"start":{"line":41,"column":31},"end":{"line":41,"column":32}},"loc":{"start":{"line":41,"column":44},"end":{"line":41,"column":75}}},"8":{"name":"(anonymous_8)","decl":{"start":{"line":44,"column":4},"end":{"line":44,"column":21}},"loc":{"start":{"line":44,"column":38},"end":{"line":48,"column":5}}},"9":{"name":"(anonymous_9)","decl":{"start":{"line":50,"column":4},"end":{"line":50,"column":10}},"loc":{"start":{"line":50,"column":21},"end":{"line":52,"column":5}}},"10":{"name":"(anonymous_10)","decl":{"start":{"line":51,"column":37},"end":{"line":51,"column":39}},"loc":{"start":{"line":51,"column":43},"end":{"line":51,"column":63}}}},"branchMap":{"0":{"loc":{"start":{"line":29,"column":6},"end":{"line":33,"column":7}},"type":"if","locations":[{"start":{"line":29,"column":6},"end":{"line":33,"column":7}},{"start":{"line":31,"column":13},"end":{"line":33,"column":7}}]}},"s":{"0":9,"1":9,"2":9,"3":1,"4":4,"5":11,"6":9,"7":11,"8":3,"9":8,"10":3,"11":4,"12":6,"13":12,"14":5,"15":5,"16":5,"17":2,"18":3,"19":1},"f":{"0":9,"1":4,"2":11,"3":9,"4":3,"5":4,"6":6,"7":12,"8":5,"9":2,"10":3},"b":{"0":[3,8]}}
}
