TN:
SF:src\domain.ts
FN:12,(anonymous_0)
FN:24,(anonymous_1)
FN:27,(anonymous_2)
FN:28,(anonymous_3)
FN:36,(anonymous_4)
FN:37,(anonymous_5)
FN:40,(anonymous_6)
FN:41,(anonymous_7)
FN:44,(anonymous_8)
FN:50,(anonymous_9)
FN:51,(anonymous_10)
FNF:11
FNH:11
FNDA:9,(anonymous_0)
FNDA:4,(anonymous_1)
FNDA:11,(anonymous_2)
FNDA:9,(anonymous_3)
FNDA:3,(anonymous_4)
FNDA:4,(anonymous_5)
FNDA:6,(anonymous_6)
FNDA:12,(anonymous_7)
FNDA:5,(anonymous_8)
FNDA:2,(anonymous_9)
FNDA:3,(anonymous_10)
DA:7,1
DA:13,9
DA:14,9
DA:15,9
DA:24,1
DA:25,4
DA:28,11
DA:29,11
DA:30,3
DA:32,8
DA:37,4
DA:41,12
DA:45,5
DA:46,5
DA:47,5
DA:51,3
LF:16
LH:16
BRDA:29,0,0,3
BRDA:29,0,1,8
BRF:2
BRH:2
end_of_record
